0 info it worked if it ends with ok
1 verbose cli [ 'node', '/usr/local/bin/npm', 'install', 'gulp-notify' ]
2 info using npm@1.4.28
3 info using node@v0.10.32
4 warn package.json @ No description
5 warn package.json @ No repository field.
6 warn package.json @ No README data
7 warn package.json path@0.4.9 path is also the name of a node core module.
8 verbose readDependencies using package.json deps
9 verbose cache add [ 'gulp-notify', null ]
10 verbose cache add name=undefined spec="gulp-notify" args=["gulp-notify",null]
11 verbose parsed url { protocol: null,
11 verbose parsed url   slashes: null,
11 verbose parsed url   auth: null,
11 verbose parsed url   host: null,
11 verbose parsed url   port: null,
11 verbose parsed url   hostname: null,
11 verbose parsed url   hash: null,
11 verbose parsed url   search: null,
11 verbose parsed url   query: null,
11 verbose parsed url   pathname: 'gulp-notify',
11 verbose parsed url   path: 'gulp-notify',
11 verbose parsed url   href: 'gulp-notify' }
12 silly lockFile 6a726d29-gulp-notify gulp-notify
13 verbose lock gulp-notify /Users/hank7444/.npm/6a726d29-gulp-notify.lock
14 silly lockFile 6a726d29-gulp-notify gulp-notify
15 silly lockFile 6a726d29-gulp-notify gulp-notify
16 verbose addNamed [ 'gulp-notify', '' ]
17 verbose addNamed [ null, '*' ]
18 silly lockFile 6b689132-gulp-notify gulp-notify@
19 verbose lock gulp-notify@ /Users/hank7444/.npm/6b689132-gulp-notify.lock
20 silly addNameRange { name: 'gulp-notify', range: '*', hasData: false }
21 verbose request where is /gulp-notify
22 verbose request registry http://registry.npmjs.org/
23 verbose request id 134f888abfa3c9d3
24 verbose url raw /gulp-notify
25 verbose url resolving [ 'http://registry.npmjs.org/', './gulp-notify' ]
26 verbose url resolved http://registry.npmjs.org/gulp-notify
27 verbose request where is http://registry.npmjs.org/gulp-notify
28 info trying registry request attempt 1 at 18:41:15
29 verbose etag "C9ORLSR3VRDBO1EK8DZ1ZKM41"
30 http GET http://registry.npmjs.org/gulp-notify
31 http 200 http://registry.npmjs.org/gulp-notify
32 silly registry.get cb [ 200,
32 silly registry.get   { server: 'CouchDB/1.5.0 (Erlang OTP/R16B03)',
32 silly registry.get     etag: '"8LXLJ4BA87RN7KSY0DO77HBYI"',
32 silly registry.get     'content-type': 'application/json',
32 silly registry.get     'cache-control': 'max-age=60',
32 silly registry.get     'content-length': '71681',
32 silly registry.get     'accept-ranges': 'bytes',
32 silly registry.get     date: 'Mon, 01 Dec 2014 10:41:15 GMT',
32 silly registry.get     via: '1.1 varnish',
32 silly registry.get     age: '0',
32 silly registry.get     connection: 'keep-alive',
32 silly registry.get     'x-served-by': 'cache-sn86-SIN',
32 silly registry.get     'x-cache': 'MISS',
32 silly registry.get     'x-cache-hits': '0',
32 silly registry.get     'x-timer': 'S1417430475.691012,VS0,VE197',
32 silly registry.get     vary: 'Accept' } ]
33 silly addNameRange number 2 { name: 'gulp-notify', range: '*', hasData: true }
34 silly addNameRange versions [ 'gulp-notify',
34 silly addNameRange   [ '0.0.5',
34 silly addNameRange     '0.0.6',
34 silly addNameRange     '0.0.7',
34 silly addNameRange     '0.0.8',
34 silly addNameRange     '0.1.0',
34 silly addNameRange     '0.2.0',
34 silly addNameRange     '0.3.0',
34 silly addNameRange     '0.3.2',
34 silly addNameRange     '0.3.3',
34 silly addNameRange     '0.3.4',
34 silly addNameRange     '0.3.4-1',
34 silly addNameRange     '0.3.4-2',
34 silly addNameRange     '0.3.5-0',
34 silly addNameRange     '0.4.0',
34 silly addNameRange     '0.4.1',
34 silly addNameRange     '0.4.2',
34 silly addNameRange     '0.4.3',
34 silly addNameRange     '0.4.5',
34 silly addNameRange     '0.4.6',
34 silly addNameRange     '0.5.0',
34 silly addNameRange     '0.5.1',
34 silly addNameRange     '0.6.0',
34 silly addNameRange     '0.6.1',
34 silly addNameRange     '0.6.2',
34 silly addNameRange     '1.0.0-beta',
34 silly addNameRange     '1.1.0',
34 silly addNameRange     '1.1.1',
34 silly addNameRange     '1.2.0',
34 silly addNameRange     '1.2.1',
34 silly addNameRange     '1.2.2',
34 silly addNameRange     '1.2.4',
34 silly addNameRange     '1.2.5',
34 silly addNameRange     '1.2.6',
34 silly addNameRange     '1.3.0',
34 silly addNameRange     '1.3.1',
34 silly addNameRange     '1.4.0',
34 silly addNameRange     '1.4.1',
34 silly addNameRange     '1.4.2',
34 silly addNameRange     '1.5.0',
34 silly addNameRange     '1.5.1',
34 silly addNameRange     '1.6.0',
34 silly addNameRange     '1.7.0',
34 silly addNameRange     '1.7.1',
34 silly addNameRange     '1.8.0',
34 silly addNameRange     '2.0.0',
34 silly addNameRange     '2.0.1' ] ]
35 verbose addNamed [ 'gulp-notify', '2.0.1' ]
36 verbose addNamed [ '2.0.1', '2.0.1' ]
37 silly lockFile cb73b494-gulp-notify-2-0-1 gulp-notify@2.0.1
38 verbose lock gulp-notify@2.0.1 /Users/hank7444/.npm/cb73b494-gulp-notify-2-0-1.lock
39 silly lockFile e21f30f9-ulp-notify-gulp-notify-2-0-1-tgz http://registry.npmjs.org/gulp-notify/-/gulp-notify-2.0.1.tgz
40 verbose lock http://registry.npmjs.org/gulp-notify/-/gulp-notify-2.0.1.tgz /Users/hank7444/.npm/e21f30f9-ulp-notify-gulp-notify-2-0-1-tgz.lock
41 verbose addRemoteTarball [ 'http://registry.npmjs.org/gulp-notify/-/gulp-notify-2.0.1.tgz',
41 verbose addRemoteTarball   '22275168060b9ea2eef528e933d4799510878697' ]
42 info retry fetch attempt 1 at 18:41:16
43 verbose fetch to= /var/folders/9s/4v0bjz7d2759pwjd7m2tklq00000gn/T/npm-41727-vi5hF4Uo/registry.npmjs.org/gulp-notify/-/gulp-notify-2.0.1.tgz
44 http GET http://registry.npmjs.org/gulp-notify/-/gulp-notify-2.0.1.tgz
45 http 200 http://registry.npmjs.org/gulp-notify/-/gulp-notify-2.0.1.tgz
46 silly lockFile e21f30f9-ulp-notify-gulp-notify-2-0-1-tgz http://registry.npmjs.org/gulp-notify/-/gulp-notify-2.0.1.tgz
47 silly lockFile e21f30f9-ulp-notify-gulp-notify-2-0-1-tgz http://registry.npmjs.org/gulp-notify/-/gulp-notify-2.0.1.tgz
48 silly lockFile cb73b494-gulp-notify-2-0-1 gulp-notify@2.0.1
49 silly lockFile cb73b494-gulp-notify-2-0-1 gulp-notify@2.0.1
50 silly lockFile 6b689132-gulp-notify gulp-notify@
51 silly lockFile 6b689132-gulp-notify gulp-notify@
52 error Error: EACCES, mkdir '/Users/hank7444/.npm/gulp-notify/2.0.1'
52 error  { [Error: EACCES, mkdir '/Users/hank7444/.npm/gulp-notify/2.0.1']
52 error   errno: 3,
52 error   code: 'EACCES',
52 error   path: '/Users/hank7444/.npm/gulp-notify/2.0.1' }
53 error Please try running this command again as root/Administrator.
54 error System Darwin 13.4.0
55 error command "node" "/usr/local/bin/npm" "install" "gulp-notify"
56 error cwd /Users/hank7444/Documents/droplet/html/mobile/ecMobile
57 error node -v v0.10.32
58 error npm -v 1.4.28
59 error path /Users/hank7444/.npm/gulp-notify/2.0.1
60 error code EACCES
61 error errno 3
62 error stack Error: EACCES, mkdir '/Users/hank7444/.npm/gulp-notify/2.0.1'
63 verbose exit [ 3, true ]
